# JRE version: OpenJDK Runtime Environment (17.0.11) (build 17.0.11+0--11852314)
# Java VM: OpenJDK 64-Bit Server VM (17.0.11+0--11852314, mixed mode, tiered, compressed oops, compressed class ptrs, g1 gc, windows-amd64)
GC Precious Log:
 CPUs: 4 total, 4 available
 Memory: 3497M
 Large Page Support: Disabled
 NUMA Support: Disabled
 Compressed Oops: Enabled (32-bit)
 Heap Region Size: 1M
 Heap Min Capacity: 8M
 Heap Initial Capacity: 56M
 Heap Max Capacity: 2G
 Pre-touch: Disabled
 Parallel Workers: 4
 Concurrent Workers: 1
 Concurrent Refinement Workers: 4
 Periodic GC: Disabled
Heap:
 garbage-first heap   total 216064K, used 92529K [0x0000000080000000, 0x0000000100000000)
  region size 1024K, 1 young (1024K), 1 survivors (1024K)
 Metaspace       used 89615K, committed 90368K, reserved 1179648K
  class space    used 12412K, committed 12800K, reserved 1048576K
GC Heap History (20 events):
Event: 36.753 GC heap after
{Heap after GC invocations=42 (full 0):
 garbage-first heap   total 114688K, used 66284K [0x0000000080000000, 0x0000000100000000)
  region size 1024K, 1 young (1024K), 1 survivors (1024K)
 Metaspace       used 60699K, committed 61312K, reserved 1114112K
  class space    used 8297K, committed 8576K, reserved 1048576K
}
Event: 38.589 GC heap before
{Heap before GC invocations=42 (full 0):
 garbage-first heap   total 114688K, used 87788K [0x0000000080000000, 0x0000000100000000)
  region size 1024K, 23 young (23552K), 1 survivors (1024K)
 Metaspace       used 62846K, committed 63424K, reserved 1114112K
  class space    used 8514K, committed 8768K, reserved 1048576K
}
Event: 38.597 GC heap after
{Heap after GC invocations=43 (full 0):
 garbage-first heap   total 114688K, used 66796K [0x0000000080000000, 0x0000000100000000)
  region size 1024K, 1 young (1024K), 1 survivors (1024K)
 Metaspace       used 62846K, committed 63424K, reserved 1114112K
  class space    used 8514K, committed 8768K, reserved 1048576K
}
Event: 40.505 GC heap before
{Heap before GC invocations=44 (full 0):
 garbage-first heap   total 114688K, used 91372K [0x0000000080000000, 0x0000000100000000)
  region size 1024K, 25 young (25600K), 1 survivors (1024K)
 Metaspace       used 65495K, committed 66112K, reserved 1114112K
  class space    used 8902K, committed 9216K, reserved 1048576K
}
Event: 40.518 GC heap after
{Heap after GC invocations=45 (full 0):
 garbage-first heap   total 114688K, used 67619K [0x0000000080000000, 0x0000000100000000)
  region size 1024K, 2 young (2048K), 2 survivors (2048K)
 Metaspace       used 65495K, committed 66112K, reserved 1114112K
  class space    used 8902K, committed 9216K, reserved 1048576K
}
Event: 40.663 GC heap before
{Heap before GC invocations=45 (full 0):
 garbage-first heap   total 114688K, used 70691K [0x0000000080000000, 0x0000000100000000)
  region size 1024K, 5 young (5120K), 2 survivors (2048K)
 Metaspace       used 65794K, committed 66368K, reserved 1114112K
  class space    used 8949K, committed 9216K, reserved 1048576K
}
Event: 40.681 GC heap after
{Heap after GC invocations=46 (full 0):
 garbage-first heap   total 114688K, used 67456K [0x0000000080000000, 0x0000000100000000)
  region size 1024K, 1 young (1024K), 1 survivors (1024K)
 Metaspace       used 65794K, committed 66368K, reserved 1114112K
  class space    used 8949K, committed 9216K, reserved 1048576K
}
Event: 41.892 GC heap before
{Heap before GC invocations=46 (full 0):
 garbage-first heap   total 114688K, used 96128K [0x0000000080000000, 0x0000000100000000)
  region size 1024K, 25 young (25600K), 1 survivors (1024K)
 Metaspace       used 67790K, committed 68352K, reserved 1114112K
  class space    used 9203K, committed 9472K, reserved 1048576K
}
Event: 41.929 GC heap after
{Heap after GC invocations=47 (full 0):
 garbage-first heap   total 216064K, used 72150K [0x0000000080000000, 0x0000000100000000)
  region size 1024K, 4 young (4096K), 4 survivors (4096K)
 Metaspace       used 67790K, committed 68352K, reserved 1114112K
  class space    used 9203K, committed 9472K, reserved 1048576K
}
Event: 49.591 GC heap before
{Heap before GC invocations=47 (full 0):
 garbage-first heap   total 216064K, used 169430K [0x0000000080000000, 0x0000000100000000)
  region size 1024K, 95 young (97280K), 4 survivors (4096K)
 Metaspace       used 75709K, committed 76288K, reserved 1179648K
  class space    used 10271K, committed 10560K, reserved 1048576K
}
Event: 49.711 GC heap after
{Heap after GC invocations=48 (full 0):
 garbage-first heap   total 216064K, used 81488K [0x0000000080000000, 0x0000000100000000)
  region size 1024K, 9 young (9216K), 9 survivors (9216K)
 Metaspace       used 75709K, committed 76288K, reserved 1179648K
  class space    used 10271K, committed 10560K, reserved 1048576K
}
Event: 56.535 GC heap before
{Heap before GC invocations=48 (full 0):
 garbage-first heap   total 216064K, used 168528K [0x0000000080000000, 0x0000000100000000)
  region size 1024K, 94 young (96256K), 9 survivors (9216K)
 Metaspace       used 80790K, committed 81408K, reserved 1179648K
  class space    used 10958K, committed 11264K, reserved 1048576K
}
Event: 57.199 GC heap after
{Heap after GC invocations=49 (full 0):
 garbage-first heap   total 216064K, used 88495K [0x0000000080000000, 0x0000000100000000)
  region size 1024K, 12 young (12288K), 12 survivors (12288K)
 Metaspace       used 80790K, committed 81408K, reserved 1179648K
  class space    used 10958K, committed 11264K, reserved 1048576K
}
Event: 57.243 GC heap before
{Heap before GC invocations=49 (full 0):
 garbage-first heap   total 216064K, used 90543K [0x0000000080000000, 0x0000000100000000)
  region size 1024K, 14 young (14336K), 12 survivors (12288K)
 Metaspace       used 80792K, committed 81408K, reserved 1179648K
  class space    used 10958K, committed 11264K, reserved 1048576K
}
Event: 57.294 GC heap after
{Heap after GC invocations=50 (full 0):
 garbage-first heap   total 216064K, used 89334K [0x0000000080000000, 0x0000000100000000)
  region size 1024K, 2 young (2048K), 2 survivors (2048K)
 Metaspace       used 80792K, committed 81408K, reserved 1179648K
  class space    used 10958K, committed 11264K, reserved 1048576K
}
Event: 59.709 GC heap before
{Heap before GC invocations=50 (full 0):
 garbage-first heap   total 216064K, used 129270K [0x0000000080000000, 0x0000000100000000)
  region size 1024K, 42 young (43008K), 2 survivors (2048K)
 Metaspace       used 83446K, committed 84096K, reserved 1179648K
  class space    used 11336K, committed 11648K, reserved 1048576K
}
Event: 59.781 GC heap after
{Heap after GC invocations=51 (full 0):
 garbage-first heap   total 216064K, used 89991K [0x0000000080000000, 0x0000000100000000)
  region size 1024K, 3 young (3072K), 3 survivors (3072K)
 Metaspace       used 83446K, committed 84096K, reserved 1179648K
  class space    used 11336K, committed 11648K, reserved 1048576K
}
Event: 65.434 GC heap before
{Heap before GC invocations=52 (full 0):
 garbage-first heap   total 216064K, used 176007K [0x0000000080000000, 0x0000000100000000)
  region size 1024K, 86 young (88064K), 3 survivors (3072K)
 Metaspace       used 89286K, committed 90048K, reserved 1179648K
  class space    used 12366K, committed 12736K, reserved 1048576K
}
Event: 65.485 GC heap after
{Heap after GC invocations=53 (full 0):
 garbage-first heap   total 216064K, used 92798K [0x0000000080000000, 0x0000000100000000)
  region size 1024K, 5 young (5120K), 5 survivors (5120K)
 Metaspace       used 89286K, committed 90048K, reserved 1179648K
  class space    used 12366K, committed 12736K, reserved 1048576K
}
Event: 65.656 GC heap before
{Heap before GC invocations=53 (full 0):
 garbage-first heap   total 216064K, used 97918K [0x0000000080000000, 0x0000000100000000)
  region size 1024K, 10 young (10240K), 5 survivors (5120K)
 Metaspace       used 89615K, committed 90368K, reserved 1179648K
  class space    used 12412K, committed 12800K, reserved 1048576K
}

