# JRE version: OpenJDK Runtime Environment (17.0.11) (build 17.0.11+0--11852314)
# Java VM: OpenJDK 64-Bit Server VM (17.0.11+0--11852314, mixed mode, tiered, compressed oops, compressed class ptrs, g1 gc, windows-amd64)
GC Precious Log:
 CPUs: 4 total, 4 available
 Memory: 3497M
 Large Page Support: Disabled
 NUMA Support: Disabled
 Compressed Oops: Enabled (32-bit)
 Heap Region Size: 1M
 Heap Min Capacity: 8M
 Heap Initial Capacity: 56M
 Heap Max Capacity: 2G
 Pre-touch: Disabled
 Parallel Workers: 4
 Concurrent Workers: 1
 Concurrent Refinement Workers: 4
 Periodic GC: Disabled
Heap:
 garbage-first heap   total 360448K, used 123124K [0x0000000080000000, 0x0000000100000000)
  region size 1024K, 5 young (5120K), 5 survivors (5120K)
 Metaspace       used 106895K, committed 107712K, reserved 1179648K
  class space    used 14846K, committed 15232K, reserved 1048576K
GC Heap History (20 events):
Event: 27.171 GC heap after
{Heap after GC invocations=44 (full 0):
 garbage-first heap   total 205824K, used 77254K [0x0000000080000000, 0x0000000100000000)
  region size 1024K, 1 young (1024K), 1 survivors (1024K)
 Metaspace       used 73544K, committed 74176K, reserved 1114112K
  class space    used 9951K, committed 10240K, reserved 1048576K
}
Event: 31.008 GC heap before
{Heap before GC invocations=45 (full 0):
 garbage-first heap   total 205824K, used 160198K [0x0000000080000000, 0x0000000100000000)
  region size 1024K, 78 young (79872K), 1 survivors (1024K)
 Metaspace       used 80155K, committed 80768K, reserved 1179648K
  class space    used 10885K, committed 11200K, reserved 1048576K
}
Event: 31.038 GC heap after
{Heap after GC invocations=46 (full 0):
 garbage-first heap   total 205824K, used 84588K [0x0000000080000000, 0x0000000100000000)
  region size 1024K, 5 young (5120K), 5 survivors (5120K)
 Metaspace       used 80155K, committed 80768K, reserved 1179648K
  class space    used 10885K, committed 11200K, reserved 1048576K
}
Event: 31.213 GC heap before
{Heap before GC invocations=46 (full 0):
 garbage-first heap   total 205824K, used 88684K [0x0000000080000000, 0x0000000100000000)
  region size 1024K, 10 young (10240K), 5 survivors (5120K)
 Metaspace       used 80638K, committed 81280K, reserved 1179648K
  class space    used 10948K, committed 11264K, reserved 1048576K
}
Event: 31.255 GC heap after
{Heap after GC invocations=47 (full 0):
 garbage-first heap   total 205824K, used 85199K [0x0000000080000000, 0x0000000100000000)
  region size 1024K, 1 young (1024K), 1 survivors (1024K)
 Metaspace       used 80638K, committed 81280K, reserved 1179648K
  class space    used 10948K, committed 11264K, reserved 1048576K
}
Event: 33.728 GC heap before
{Heap before GC invocations=47 (full 0):
 garbage-first heap   total 205824K, used 163023K [0x0000000080000000, 0x0000000100000000)
  region size 1024K, 76 young (77824K), 1 survivors (1024K)
 Metaspace       used 83795K, committed 84480K, reserved 1179648K
  class space    used 11383K, committed 11712K, reserved 1048576K
}
Event: 33.772 GC heap after
{Heap after GC invocations=48 (full 0):
 garbage-first heap   total 205824K, used 90319K [0x0000000080000000, 0x0000000100000000)
  region size 1024K, 6 young (6144K), 6 survivors (6144K)
 Metaspace       used 83795K, committed 84480K, reserved 1179648K
  class space    used 11383K, committed 11712K, reserved 1048576K
}
Event: 36.977 GC heap before
{Heap before GC invocations=48 (full 0):
 garbage-first heap   total 205824K, used 164047K [0x0000000080000000, 0x0000000100000000)
  region size 1024K, 78 young (79872K), 6 survivors (6144K)
 Metaspace       used 88915K, committed 89600K, reserved 1179648K
  class space    used 12314K, committed 12608K, reserved 1048576K
}
Event: 37.057 GC heap after
{Heap after GC invocations=49 (full 0):
 garbage-first heap   total 360448K, used 92617K [0x0000000080000000, 0x0000000100000000)
  region size 1024K, 3 young (3072K), 3 survivors (3072K)
 Metaspace       used 88915K, committed 89600K, reserved 1179648K
  class space    used 12314K, committed 12608K, reserved 1048576K
}
Event: 49.822 GC heap before
{Heap before GC invocations=49 (full 0):
 garbage-first heap   total 360448K, used 267721K [0x0000000080000000, 0x0000000100000000)
  region size 1024K, 174 young (178176K), 3 survivors (3072K)
 Metaspace       used 101128K, committed 101888K, reserved 1179648K
  class space    used 14074K, committed 14400K, reserved 1048576K
}
Event: 50.192 GC heap after
{Heap after GC invocations=50 (full 0):
 garbage-first heap   total 360448K, used 104805K [0x0000000080000000, 0x0000000100000000)
  region size 1024K, 15 young (15360K), 15 survivors (15360K)
 Metaspace       used 101128K, committed 101888K, reserved 1179648K
  class space    used 14074K, committed 14400K, reserved 1048576K
}
Event: 55.191 GC heap before
{Heap before GC invocations=50 (full 0):
 garbage-first heap   total 360448K, used 176485K [0x0000000080000000, 0x0000000100000000)
  region size 1024K, 85 young (87040K), 15 survivors (15360K)
 Metaspace       used 101398K, committed 102208K, reserved 1179648K
  class space    used 14094K, committed 14464K, reserved 1048576K
}
Event: 55.389 GC heap after
{Heap after GC invocations=51 (full 0):
 garbage-first heap   total 360448K, used 110080K [0x0000000080000000, 0x0000000100000000)
  region size 1024K, 6 young (6144K), 6 survivors (6144K)
 Metaspace       used 101398K, committed 102208K, reserved 1179648K
  class space    used 14094K, committed 14464K, reserved 1048576K
}
Event: 60.104 GC heap before
{Heap before GC invocations=51 (full 0):
 garbage-first heap   total 360448K, used 213504K [0x0000000080000000, 0x0000000100000000)
  region size 1024K, 108 young (110592K), 6 survivors (6144K)
 Metaspace       used 102096K, committed 102784K, reserved 1179648K
  class space    used 14209K, committed 14528K, reserved 1048576K
}
Event: 60.215 GC heap after
{Heap after GC invocations=52 (full 0):
 garbage-first heap   total 360448K, used 112204K [0x0000000080000000, 0x0000000100000000)
  region size 1024K, 8 young (8192K), 8 survivors (8192K)
 Metaspace       used 102096K, committed 102784K, reserved 1179648K
  class space    used 14209K, committed 14528K, reserved 1048576K
}
Event: 64.594 GC heap before
{Heap before GC invocations=52 (full 0):
 garbage-first heap   total 360448K, used 208460K [0x0000000080000000, 0x0000000100000000)
  region size 1024K, 103 young (105472K), 8 survivors (8192K)
 Metaspace       used 102506K, committed 103232K, reserved 1179648K
  class space    used 14268K, committed 14592K, reserved 1048576K
}
Event: 64.727 GC heap after
{Heap after GC invocations=53 (full 0):
 garbage-first heap   total 360448K, used 116403K [0x0000000080000000, 0x0000000100000000)
  region size 1024K, 10 young (10240K), 10 survivors (10240K)
 Metaspace       used 102506K, committed 103232K, reserved 1179648K
  class space    used 14268K, committed 14592K, reserved 1048576K
}
Event: 72.151 GC heap before
{Heap before GC invocations=53 (full 0):
 garbage-first heap   total 360448K, used 205491K [0x0000000080000000, 0x0000000100000000)
  region size 1024K, 98 young (100352K), 10 survivors (10240K)
 Metaspace       used 106709K, committed 107584K, reserved 1179648K
  class space    used 14817K, committed 15232K, reserved 1048576K
}
Event: 72.456 GC heap after
{Heap after GC invocations=54 (full 0):
 garbage-first heap   total 360448K, used 121367K [0x0000000080000000, 0x0000000100000000)
  region size 1024K, 12 young (12288K), 12 survivors (12288K)
 Metaspace       used 106709K, committed 107584K, reserved 1179648K
  class space    used 14817K, committed 15232K, reserved 1048576K
}
Event: 74.423 GC heap before
{Heap before GC invocations=54 (full 0):
 garbage-first heap   total 360448K, used 160279K [0x0000000080000000, 0x0000000100000000)
  region size 1024K, 51 young (52224K), 12 survivors (12288K)
 Metaspace       used 106895K, committed 107712K, reserved 1179648K
  class space    used 14846K, committed 15232K, reserved 1048576K
}

