# JRE version: OpenJDK Runtime Environment (17.0.11) (build 17.0.11+0--11852314)
# Java VM: OpenJDK 64-Bit Server VM (17.0.11+0--11852314, mixed mode, tiered, compressed oops, compressed class ptrs, g1 gc, windows-amd64)
GC Precious Log:
 CPUs: 4 total, 4 available
 Memory: 3497M
 Large Page Support: Disabled
 NUMA Support: Disabled
 Compressed Oops: Enabled (32-bit)
 Heap Region Size: 1M
 Heap Min Capacity: 8M
 Heap Initial Capacity: 56M
 Heap Max Capacity: 2G
 Pre-touch: Disabled
 Parallel Workers: 4
 Concurrent Workers: 1
 Concurrent Refinement Workers: 4
 Periodic GC: Disabled
Heap:
 garbage-first heap   total 228352K, used 122578K [0x0000000080000000, 0x0000000100000000)
  region size 1024K, 7 young (7168K), 7 survivors (7168K)
 Metaspace       used 105278K, committed 106176K, reserved 1179648K
  class space    used 14628K, committed 15104K, reserved 1048576K
GC Heap History (20 events):
Event: 64.770 GC heap after
{Heap after GC invocations=61 (full 0):
 garbage-first heap   total 181248K, used 97697K [0x0000000080000000, 0x0000000100000000)
  region size 1024K, 5 young (5120K), 5 survivors (5120K)
 Metaspace       used 89246K, committed 89920K, reserved 1179648K
  class space    used 12350K, committed 12672K, reserved 1048576K
}
Event: 72.601 GC heap before
{Heap before GC invocations=61 (full 0):
 garbage-first heap   total 181248K, used 149921K [0x0000000080000000, 0x0000000100000000)
  region size 1024K, 56 young (57344K), 5 survivors (5120K)
 Metaspace       used 93041K, committed 93824K, reserved 1179648K
  class space    used 12889K, committed 13248K, reserved 1048576K
}
Event: 72.901 GC heap after
{Heap after GC invocations=62 (full 0):
 garbage-first heap   total 181248K, used 100693K [0x0000000080000000, 0x0000000100000000)
  region size 1024K, 6 young (6144K), 6 survivors (6144K)
 Metaspace       used 93041K, committed 93824K, reserved 1179648K
  class space    used 12889K, committed 13248K, reserved 1048576K
}
Event: 81.017 GC heap before
{Heap before GC invocations=62 (full 0):
 garbage-first heap   total 181248K, used 151893K [0x0000000080000000, 0x0000000100000000)
  region size 1024K, 56 young (57344K), 6 survivors (6144K)
 Metaspace       used 97828K, committed 98560K, reserved 1179648K
  class space    used 13571K, committed 13888K, reserved 1048576K
}
Event: 81.178 GC heap after
{Heap after GC invocations=63 (full 0):
 garbage-first heap   total 181248K, used 103440K [0x0000000080000000, 0x0000000100000000)
  region size 1024K, 6 young (6144K), 6 survivors (6144K)
 Metaspace       used 97828K, committed 98560K, reserved 1179648K
  class space    used 13571K, committed 13888K, reserved 1048576K
}
Event: 86.914 GC heap before
{Heap before GC invocations=63 (full 0):
 garbage-first heap   total 181248K, used 141328K [0x0000000080000000, 0x0000000100000000)
  region size 1024K, 45 young (46080K), 6 survivors (6144K)
 Metaspace       used 100371K, committed 101120K, reserved 1179648K
  class space    used 13985K, committed 14336K, reserved 1048576K
}
Event: 87.018 GC heap after
{Heap after GC invocations=64 (full 0):
 garbage-first heap   total 181248K, used 106207K [0x0000000080000000, 0x0000000100000000)
  region size 1024K, 6 young (6144K), 6 survivors (6144K)
 Metaspace       used 100371K, committed 101120K, reserved 1179648K
  class space    used 13985K, committed 14336K, reserved 1048576K
}
Event: 94.688 GC heap before
{Heap before GC invocations=65 (full 0):
 garbage-first heap   total 189440K, used 149215K [0x0000000080000000, 0x0000000100000000)
  region size 1024K, 50 young (51200K), 6 survivors (6144K)
 Metaspace       used 101313K, committed 102080K, reserved 1179648K
  class space    used 14104K, committed 14464K, reserved 1048576K
}
Event: 94.973 GC heap after
{Heap after GC invocations=66 (full 0):
 garbage-first heap   total 189440K, used 111738K [0x0000000080000000, 0x0000000100000000)
  region size 1024K, 7 young (7168K), 7 survivors (7168K)
 Metaspace       used 101313K, committed 102080K, reserved 1179648K
  class space    used 14104K, committed 14464K, reserved 1048576K
}
Event: 95.104 GC heap before
{Heap before GC invocations=66 (full 0):
 garbage-first heap   total 189440K, used 113786K [0x0000000080000000, 0x0000000100000000)
  region size 1024K, 9 young (9216K), 7 survivors (7168K)
 Metaspace       used 101329K, committed 102080K, reserved 1179648K
  class space    used 14104K, committed 14464K, reserved 1048576K
}
Event: 95.184 GC heap after
{Heap after GC invocations=67 (full 0):
 garbage-first heap   total 228352K, used 110667K [0x0000000080000000, 0x0000000100000000)
  region size 1024K, 2 young (2048K), 2 survivors (2048K)
 Metaspace       used 101329K, committed 102080K, reserved 1179648K
  class space    used 14104K, committed 14464K, reserved 1048576K
}
Event: 102.902 GC heap before
{Heap before GC invocations=67 (full 0):
 garbage-first heap   total 228352K, used 183371K [0x0000000080000000, 0x0000000100000000)
  region size 1024K, 73 young (74752K), 2 survivors (2048K)
 Metaspace       used 101492K, committed 102272K, reserved 1179648K
  class space    used 14105K, committed 14464K, reserved 1048576K
}
Event: 103.005 GC heap after
{Heap after GC invocations=68 (full 0):
 garbage-first heap   total 228352K, used 113291K [0x0000000080000000, 0x0000000100000000)
  region size 1024K, 5 young (5120K), 5 survivors (5120K)
 Metaspace       used 101492K, committed 102272K, reserved 1179648K
  class space    used 14105K, committed 14464K, reserved 1048576K
}
Event: 113.235 GC heap before
{Heap before GC invocations=69 (full 0):
 garbage-first heap   total 228352K, used 185995K [0x0000000080000000, 0x0000000100000000)
  region size 1024K, 77 young (78848K), 5 survivors (5120K)
 Metaspace       used 102080K, committed 102912K, reserved 1179648K
  class space    used 14207K, committed 14592K, reserved 1048576K
}
Event: 113.331 GC heap after
{Heap after GC invocations=70 (full 0):
 garbage-first heap   total 228352K, used 115652K [0x0000000080000000, 0x0000000100000000)
  region size 1024K, 7 young (7168K), 7 survivors (7168K)
 Metaspace       used 102080K, committed 102912K, reserved 1179648K
  class space    used 14207K, committed 14592K, reserved 1048576K
}
Event: 113.666 GC heap before
{Heap before GC invocations=70 (full 0):
 garbage-first heap   total 228352K, used 119748K [0x0000000080000000, 0x0000000100000000)
  region size 1024K, 11 young (11264K), 7 survivors (7168K)
 Metaspace       used 102163K, committed 102976K, reserved 1179648K
  class space    used 14218K, committed 14592K, reserved 1048576K
}
Event: 113.772 GC heap after
{Heap after GC invocations=71 (full 0):
 garbage-first heap   total 228352K, used 112862K [0x0000000080000000, 0x0000000100000000)
  region size 1024K, 2 young (2048K), 2 survivors (2048K)
 Metaspace       used 102163K, committed 102976K, reserved 1179648K
  class space    used 14218K, committed 14592K, reserved 1048576K
}
Event: 117.334 GC heap before
{Heap before GC invocations=71 (full 0):
 garbage-first heap   total 228352K, used 186590K [0x0000000080000000, 0x0000000100000000)
  region size 1024K, 75 young (76800K), 2 survivors (2048K)
 Metaspace       used 102404K, committed 103232K, reserved 1179648K
  class space    used 14254K, committed 14656K, reserved 1048576K
}
Event: 117.561 GC heap after
{Heap after GC invocations=72 (full 0):
 garbage-first heap   total 228352K, used 117896K [0x0000000080000000, 0x0000000100000000)
  region size 1024K, 7 young (7168K), 7 survivors (7168K)
 Metaspace       used 102404K, committed 103232K, reserved 1179648K
  class space    used 14254K, committed 14656K, reserved 1048576K
}
Event: 123.883 GC heap before
{Heap before GC invocations=72 (full 0):
 garbage-first heap   total 228352K, used 186504K [0x0000000080000000, 0x0000000100000000)
  region size 1024K, 75 young (76800K), 7 survivors (7168K)
 Metaspace       used 105278K, committed 106176K, reserved 1179648K
  class space    used 14628K, committed 15104K, reserved 1048576K
}

